<?xml version="1.0" encoding="UTF-8"?>
<!-- Generated by org.testng.reporters.JUnitReportReporter -->
<testsuite hostname="INI29624" failures="0" tests="3" name="HMS.AdminLogin.VisitorTest" time="76.766" errors="0" timestamp="2022-02-25T12:45:04 IST" skipped="0">
  <testcase classname="HMS.AdminLogin.VisitorTest" name="visitorpagerun" time="24.587"/>
  <system-out/>
  <testcase classname="HMS.AdminLogin.VisitorTest" name="visitorpagerun" time="24.915"/>
  <system-out/>
  <testcase classname="HMS.AdminLogin.VisitorTest" name="visitorpagerun" time="27.264"/>
  <system-out/>
</testsuite> <!-- HMS.AdminLogin.VisitorTest -->
