<?xml version="1.0" encoding="UTF-8"?>
<!-- Generated by org.testng.reporters.JUnitReportReporter -->
<testsuite hostname="INI29624" failures="0" tests="1" name="HMS.AdminLogin.AddappTest" time="17.498" errors="0" timestamp="2022-02-25T12:45:04 IST" skipped="0">
  <testcase classname="HMS.AdminLogin.AddappTest" name="addapprunpage" time="17.498"/>
  <system-out/>
</testsuite> <!-- HMS.AdminLogin.AddappTest -->
