<?xml version="1.0" encoding="UTF-8"?>
<!-- Generated by org.testng.reporters.JUnitReportReporter -->
<testsuite hostname="INI29624" failures="0" tests="1" name="HMS.AdminLogin.DashboardTest" time="18.351" errors="0" timestamp="2022-02-25T12:45:04 IST" skipped="0">
  <testcase classname="HMS.AdminLogin.DashboardTest" name="Dashboardcheck" time="18.351"/>
  <system-out/>
</testsuite> <!-- HMS.AdminLogin.DashboardTest -->
