<?xml version="1.0" encoding="UTF-8"?>
<!-- Generated by org.testng.reporters.JUnitReportReporter -->
<testsuite hostname="INI29624" failures="0" tests="1" name="HMS.AdminLogin.FrontofficeTest" time="21.978" errors="0" timestamp="2022-02-25T12:45:04 IST" skipped="0">
  <testcase classname="HMS.AdminLogin.FrontofficeTest" name="frontofficerun" time="21.978"/>
  <system-out/>
</testsuite> <!-- HMS.AdminLogin.FrontofficeTest -->
